// KNOB(name)
KNOB(EIGEN)
KNOB(TILING)
KNOB(IR_PARSING)
KNOB(UNFOLDING)
KNOB(POOLING)
KNOB(GRAPH)
KNOB(GRAPH_FILLER)
KNOB(GRAPH_CG)
KNOB(SALLOC)
KNOB(CROP)
KNOB(FLATTEN)
KNOB(UNFLATTEN)
KNOB(ELTWISE)
KNOB(PERMUTE)
KNOB(DEP_ANALYZER)
KNOB(CMDQ_ISA_GEN)
KNOB(CMDQ_BUILDER)
KNOB(DMA_CLUSTER)
KNOB(INSTRUCTION_SCHEDULER)
KNOB(DMA_MERGER)
KNOB(NNGRAPH_CG_OBJECT)
KNOB(BLOB_TRANSFER)
KNOB(P_EVALUATOR)
KNOB(STFPARSE)
KNOB(P_LIRGEN)
KNOB(POLICYMAKER)
KNOB(P_CFU_STORE)
KNOB(P_CFU_LOAD)
KNOB(POLICYBUILDER)
KNOB(POLICY_MEMORY)
KNOB(PCODEGEN_MEMORY)
KNOB(BULB_DETECTION)
KNOB(DFA)
KNOB(LIVENESS_ANALYSIS)
KNOB(MEMORYMAP)
KNOB(NEW_POLICYMAKER)
KNOB(GLOBAL_MEMORY_ALLOCATOR)
KNOB(SRAM_ALLOCATOR)
KNOB(BITMAP_ALLOCATOR)
KNOB(NN_MODEL)
KNOB(BE_CONFIG)
KNOB(CONTROLLER)
KNOB(BUFFER)
KNOB(TEST_GENERIC_PM)
KNOB(KERNEL)
KNOB(COMMON)
KNOB(BACKEND)
KNOB(FRONTEND)
KNOB(EVALUATION)
KNOB(CMDQ)
KNOB(CODEGEN)
KNOB(FULLY_CONNECTED)
KNOB(CONVOLUTION_PSUM)
